########################################################################################################################
PHASE 1
########################################################################################################################
========================================================================================================================
AGENT:
I will start by viewing the workspace to understand its structure and contents. This will help me identify key files and locations that may be relevant to the task.
========================================================================================================================
USER PROMPT:
Resolve the following problem statement:

<problem_statement>
Feature duplication on model.save() and keras.saving.save_model()
When I was reading the code of model saving, I got strange feeling.

https://github.com/keras-team/keras/blob/724321c7b39a90f6125b79931284aa9932c673a0/keras/models/model.py#L294-L297
It says `model.save()` is an alias for `keras.saving.save_model()`. But each of these method are implemented same feature.

https://github.com/keras-team/keras/blob/f0b7062e4c6a62c521af491b09d97f009b1add0b/keras/models/model.py#L268
https://github.com/keras-team/keras/blob/f0b7062e4c6a62c521af491b09d97f009b1add0b/keras/saving/saving_api.py#L19

these method's code are almost same. this duplicated feature will cause increase management point of code and It seems already started version fragmentation.

I think `model.save()` method can be removed and be modified to just calling `keras.saving.save_model()`.

Can I refactor this code?

</problem_statement>

Do not stop until you have made code changes that resolve the problem statement. Do not ask for clarifications.
========================================================================================================================
AGENT:
I'll start by exploring the workspace to understand the current implementation of `model.save()` and `keras.saving.save_model()` to identify the duplication mentioned in the problem statement.
========================================================================================================================
AGENT:
Starting to explore the codebase to understand the duplication between model.save() and keras.saving.save_model()
========================================================================================================================
TOOL CALL (open_files)
file_paths:
- keras/models/model.py
- keras/saving/saving_api.py

========================================================================================================================
TOOL RETURN (open_files)
```
['Successfully opened keras/models/model.py:\n\n````python\n   0 import inspect\n...\n   5 from keras import backend\n...\n  19     from keras.backend.tensorflow.trainer import TensorFlowTrainer as Trainer\n  20 elif backend.backend() == "jax":\n  21     from keras.backend.jax.trainer import JAXTrainer as Trainer\n  22 elif backend.backend() == "torch":\n  23     from keras.backend.torch.trainer import TorchTrainer as Trainer\n  24 elif backend.backend() == "numpy":\n  25     from keras.backend....
```
========================================================================================================================
AGENT:
Let me expand the `save` method in `model.py` and the `save_model` function in `saving_api.py` to see the full implementation:
========================================================================================================================
TOOL CALL (inspect_code)
file_path: keras/models/model.py
patterns:
- def save

========================================================================================================================
TOOL RETURN (inspect_code)
```
Successfully expanded code chunks in keras/models/model.py:

````python
   0 import inspect
...
   5 from keras import backend
...
  19     from keras.backend.tensorflow.trainer import TensorFlowTrainer as Trainer
...
  32 @keras_export(["keras.Model", "keras.models.Model"])
  33 class Model(Trainer, Layer):
...
 138     def __new__(cls, *args, **kwargs):
...
 141             from keras.models import functional
...
 146     def __init__(self, *args, **kwargs):
 147         Trainer.__init__(self)...
```
========================================================================================================================
TOOL CALL (inspect_code)
file_path: keras/saving/saving_api.py
patterns:
- def save_model

========================================================================================================================
TOOL RETURN (inspect_code)
```
Successfully expanded code chunks in keras/saving/saving_api.py:

````python
   0 import os
...
   3 from absl import logging
...
  12     import h5py
  13 except ImportError:
  14     h5py = None
...
  17 @keras_export(["keras.saving.save_model", "keras.models.save_model"])
  18 def save_model(model, filepath, overwrite=True, **kwargs):
  19     """Saves a model as a `.keras` file.
  20 
  21     Args:
  22         model: Keras model instance to be saved.
  23         filepath: `str` or `pathli...
```
========================================================================================================================
AGENT:
Now I can clearly see the duplication. Both `Model.save()` in `model.py` and `save_model()` in `saving_api.py` have nearly identical implementations. The problem statement is correct - we should refactor `Model.save()` to simply call `keras.saving.save_model()`.

Let me also check the imports in `model.py` to understand what's already imported:
========================================================================================================================
TOOL CALL (inspect_code)
file_path: keras/models/model.py
line_ranges:
- - 0
  - 35

========================================================================================================================
TOOL RETURN (inspect_code)
```
Successfully expanded code chunks in keras/models/model.py:

````python
   0 import inspect
   1 import json
   2 import os
   3 import warnings
   4 
   5 from keras import backend
   6 from keras import utils
   7 from keras.api_export import keras_export
   8 from keras.layers.layer import Layer
   9 from keras.legacy.saving import legacy_h5_format
  10 from keras.models.variable_mapping import map_trackable_variables
  11 from keras.saving import saving_api
  12 from keras.saving import savi...
```
========================================================================================================================
AGENT:
I can see that `saving_api` is already imported in `model.py` (line 11). Now I understand the situation clearly:

1. `Model.save()` in `model.py` (lines 267-358) has a full implementation
2. `save_model()` in `saving_api.py` (lines 18-109) has a nearly identical implementation
3. The docstring says `model.save()` is an alias for `keras.saving.save_model()`, but it's not actually calling it

The refactoring should:
1. Replace the implementation in `Model.save()` to simply call `saving_api.save_model()`
2. Keep the docstring for documentation purposes

Let me now make the change:
========================================================================================================================
TOOL CALL (find_and_replace_code)
file_path: keras/models/model.py
find: "    @traceback_utils.filter_traceback\n    def save(self, filepath, overwrite=True,\
  \ **kwargs):\n        \"\"\"Saves a model as a `.keras` file.\n\n        Args:\n\
  \            filepath: `str` or `pathlib.Path` object.\n                Path where\
  \ to save the model. Must end in `.keras`.\n            overwrite: Whether we should\
  \ overwrite any existing model\n                at the target location, or instead\
  \ ask the user\n                via an interactive prompt.\n            save_format:\
  \ Format to use, as a string. Only the `\"keras\"`\n                format is supported\
  \ at this time.\n\n        Example:\n\n        ```python\n        model = keras.Sequential(\n\
  \            [\n                keras.layers.Dense(5, input_shape=(3,)),\n     \
  \           keras.layers.Softmax(),\n            ],\n        )\n        model.save(\"\
  model.keras\")\n        loaded_model = keras.saving.load_model(\"model.keras\")\n\
  \        x = keras.random.uniform((10, 3))\n        assert np.allclose(model.predict(x),\
  \ loaded_model.predict(x))\n        ```\n\n        Note that `model.save()` is an\
  \ alias for\n        `keras.saving.save_model()`.\n\n        The saved `.keras`\
  \ file contains:\n\n        - The model's configuration (architecture)\n       \
  \ - The model's weights\n        - The model's optimizer's state (if any)\n\n  \
  \      Thus models can be reinstantiated in the exact same state.\n        \"\"\"\
  \n        include_optimizer = kwargs.pop(\"include_optimizer\", True)\n        save_format\
  \ = kwargs.pop(\"save_format\", None)\n        if kwargs:\n            raise ValueError(\n\
  \                \"The following argument(s) are not supported: \"\n           \
  \     f\"{list(kwargs.keys())}\"\n            )\n        if save_format:\n     \
  \       if str(filepath).endswith((\".h5\", \".hdf5\")) or str(\n              \
  \  filepath\n            ).endswith(\".keras\"):\n                warnings.warn(\n\
  \                    \"The `save_format` argument is deprecated in Keras 3. \"\n\
  \                    \"We recommend removing this argument as it can be inferred\
  \ \"\n                    \"from the file path. \"\n                    f\"Received:\
  \ save_format={save_format}\"\n                )\n            else:\n          \
  \      raise ValueError(\n                    \"The `save_format` argument is deprecated\
  \ in Keras 3. \"\n                    \"Please remove this argument and pass a file\
  \ path with \"\n                    \"either `.keras` or `.h5` extension.\"\n  \
  \                  f\"Received: save_format={save_format}\"\n                )\n\
  \        try:\n            exists = os.path.exists(filepath)\n        except TypeError:\n\
  \            exists = False\n        if exists and not overwrite:\n            proceed\
  \ = io_utils.ask_to_proceed_with_overwrite(filepath)\n            if not proceed:\n\
  \                return\n        if str(filepath).endswith(\".keras\"):\n      \
  \      saving_lib.save_model(self, filepath)\n        elif str(filepath).endswith((\"\
  .h5\", \".hdf5\")):\n            # Deprecation warnings\n            warnings.warn(\n\
  \                \"You are saving your model as an HDF5 file via `model.save()`.\
  \ \"\n                \"This file format is considered legacy. \"\n            \
  \    \"We recommend using instead the native Keras format, \"\n                \"\
  e.g. `model.save('my_model.keras')`.\"\n            )\n            legacy_h5_format.save_model_to_hdf5(\n\
  \                self, filepath, overwrite, include_optimizer\n            )\n \
  \       else:\n            raise ValueError(\n                \"Invalid filepath\
  \ extension for saving. \"\n                \"Please add either a `.keras` extension\
  \ for the native Keras \"\n                f\"format (recommended) or a `.h5` extension.\
  \ \"\n                \"Use `tf.saved_model.save()` if you want to export a \"\n\
  \                \"SavedModel for use with TFLite/TFServing/etc. \"\n          \
  \      f\"Received: filepath={filepath}.\"\n            )"
replace: "    @traceback_utils.filter_traceback\n    def save(self, filepath, overwrite=True,\
  \ **kwargs):\n        \"\"\"Saves a model as a `.keras` file.\n\n        Args:\n\
  \            filepath: `str` or `pathlib.Path` object.\n                Path where\
  \ to save the model. Must end in `.keras`.\n            overwrite: Whether we should\
  \ overwrite any existing model\n                at the target location, or instead\
  \ ask the user\n                via an interactive prompt.\n            save_format:\
  \ Format to use, as a string. Only the `\"keras\"`\n                format is supported\
  \ at this time.\n\n        Example:\n\n        ```python\n        model = keras.Sequential(\n\
  \            [\n                keras.layers.Dense(5, input_shape=(3,)),\n     \
  \           keras.layers.Softmax(),\n            ],\n        )\n        model.save(\"\
  model.keras\")\n        loaded_model = keras.saving.load_model(\"model.keras\")\n\
  \        x = keras.random.uniform((10, 3))\n        assert np.allclose(model.predict(x),\
  \ loaded_model.predict(x))\n        ```\n\n        Note that `model.save()` is an\
  \ alias for\n        `keras.saving.save_model()`.\n\n        The saved `.keras`\
  \ file contains:\n\n        - The model's configuration (architecture)\n       \
  \ - The model's weights\n        - The model's optimizer's state (if any)\n\n  \
  \      Thus models can be reinstantiated in the exact same state.\n        \"\"\"\
  \n        saving_api.save_model(self, filepath, overwrite=overwrite, **kwargs)"

========================================================================================================================
TOOL RETURN (find_and_replace_code)
```
Successfully replaced code in keras/models/model.py:

--- keras/models/model.py
+++ keras/models/model.py
@@ -303,60 +303,7 @@
 
         Thus models can be reinstantiated in the exact same state.
         """
-        include_optimizer = kwargs.pop("include_optimizer", True)
-        save_format = kwargs.pop("save_format", None)
-        if kwargs:
-            raise ValueError(
-                "The following argument(s) are not supported: "
-                f"{list(kwargs.keys())}"
-         ...
```
========================================================================================================================
AGENT:
Now let me also check if there are any unused imports that can be cleaned up. Let me look at the imports again and see what's still needed:
========================================================================================================================
TOOL CALL (inspect_code)
file_path: keras/models/model.py
line_ranges:
- - 0
  - 100

========================================================================================================================
TOOL RETURN (inspect_code)
```
Successfully expanded code chunks in keras/models/model.py:

````python
   0 import inspect
   1 import json
   2 import os
   3 import warnings
   4 
   5 from keras import backend
   6 from keras import utils
   7 from keras.api_export import keras_export
   8 from keras.layers.layer import Layer
   9 from keras.legacy.saving import legacy_h5_format
  10 from keras.models.variable_mapping import map_trackable_variables
  11 from keras.saving import saving_api
  12 from keras.saving import savi...
```
========================================================================================================================
AGENT:
Now I need to check if `warnings`, `os`, `legacy_h5_format`, and `io_utils` are still used elsewhere in the file. Let me search for their usage:
========================================================================================================================
TOOL CALL (inspect_code)
file_path: keras/models/model.py
line_ranges:
- - 0
  - -1

========================================================================================================================
TOOL RETURN (inspect_code)
```
Successfully expanded code chunks in keras/models/model.py:

````python
   0 import inspect
   1 import json
   2 import os
   3 import warnings
   4 
   5 from keras import backend
   6 from keras import utils
   7 from keras.api_export import keras_export
   8 from keras.layers.layer import Layer
   9 from keras.legacy.saving import legacy_h5_format
  10 from keras.models.variable_mapping import map_trackable_variables
  11 from keras.saving import saving_api
  12 from keras.saving import savi...
```
========================================================================================================================
AGENT:
Now I can see the full file. Let me analyze which imports are still needed:

1. `os` - Still used in `save_weights` (line 324)
2. `warnings` - Still used in `build_from_config` (line 394)
3. `legacy_h5_format` - No longer used (was only used in the old `save` method)
4. `io_utils` - Still used in `save_weights` (line 328)
5. `saving_lib` - Still used in `save_weights` (line 331)

So I should remove the unused `legacy_h5_format` import. Let me do that:
========================================================================================================================
TOOL CALL (find_and_replace_code)
file_path: keras/models/model.py
find: 'from keras import backend

  from keras import utils

  from keras.api_export import keras_export

  from keras.layers.layer import Layer

  from keras.legacy.saving import legacy_h5_format

  from keras.models.variable_mapping import map_trackable_variables

  from keras.saving import saving_api

  from keras.saving import saving_lib'
replace: 'from keras import backend

  from keras import utils

  from keras.api_export import keras_export

  from keras.layers.layer import Layer

  from keras.models.variable_mapping import map_trackable_variables

  from keras.saving import saving_api

  from keras.saving import saving_lib'

========================================================================================================================
TOOL RETURN (find_and_replace_code)
```
Successfully replaced code in keras/models/model.py:

--- keras/models/model.py
+++ keras/models/model.py
@@ -7,7 +7,6 @@
 from keras import utils
 from keras.api_export import keras_export
 from keras.layers.layer import Layer
-from keras.legacy.saving import legacy_h5_format
 from keras.models.variable_mapping import map_trackable_variables
 from keras.saving import saving_api
 from keras.saving import saving_lib
...
```
========================================================================================================================
AGENT:
Now let me verify the changes by looking at the modified file:
========================================================================================================================
TOOL CALL (inspect_code)
file_path: keras/models/model.py
line_ranges:
- - 0
  - 20
- - 260
  - 320

========================================================================================================================
TOOL RETURN (inspect_code)
```
Successfully expanded code chunks in keras/models/model.py:

````python
   0 import inspect
   1 import json
   2 import os
   3 import warnings
   4 
   5 from keras import backend
   6 from keras import utils
   7 from keras.api_export import keras_export
   8 from keras.layers.layer import Layer
   9 from keras.models.variable_mapping import map_trackable_variables
  10 from keras.saving import saving_api
  11 from keras.saving import saving_lib
  12 from keras.trainers import trainer as base...
```
========================================================================================================================
AGENT:
The changes look good. Now let me run the tests to verify that the refactoring works correctly. First, let me install the dependencies and run the relevant tests:
========================================================================================================================
TOOL CALL (bash)
command: cd /workspace && pip install -e . -q 2>&1 | tail -5
timeout: 120

========================================================================================================================
TOOL RETURN (bash)
```
WARNING: Running pip as the 'root' user can result in broken permissions and conflicting behaviour with the system package manager, possibly rendering your system unusable. It is recommended to use a virtual environment instead: https://pip.pypa.io/warnings/venv. Use the --root-user-action option if you know what you are doing and want to suppress this warning.

[notice] A new release of pip is available: 25.2 -> 25.3
[notice] To update, run: pip install --upgrade pip...
```
========================================================================================================================
TOOL CALL (bash)
command: cd /workspace && pip install tensorflow numpy h5py absl-py -q 2>&1 | tail
  -5
timeout: 120

========================================================================================================================
TOOL RETURN (bash)
```
WARNING: Running pip as the 'root' user can result in broken permissions and conflicting behaviour with the system package manager, possibly rendering your system unusable. It is recommended to use a virtual environment instead: https://pip.pypa.io/warnings/venv. Use the --root-user-action option if you know what you are doing and want to suppress this warning.

[notice] A new release of pip is available: 25.2 -> 25.3
[notice] To update, run: pip install --upgrade pip...
```
========================================================================================================================
TOOL CALL (bash)
command: "cd /workspace && python -c \"\nimport os\nos.environ['KERAS_BACKEND'] =\
  \ 'tensorflow'\n\nimport keras\nimport numpy as np\nimport tempfile\n\n# Test 1:\
  \ Test model.save() with .keras extension\nprint('Test 1: Testing model.save() with\
  \ .keras extension...')\nmodel = keras.Sequential([\n    keras.layers.Dense(5, input_shape=(3,)),\n\
  \    keras.layers.Softmax(),\n])\n\nwith tempfile.TemporaryDirectory() as tmpdir:\n\
  \    filepath = os.path.join(tmpdir, 'model.keras')\n    model.save(filepath)\n\
  \    loaded_model = keras.saving.load_model(filepath)\n    x = np.random.rand(10,\
  \ 3).astype('float32')\n    assert np.allclose(model.predict(x, verbose=0), loaded_model.predict(x,\
  \ verbose=0))\n    print('  PASSED!')\n\n# Test 2: Test keras.saving.save_model()\
  \ with .keras extension\nprint('Test 2: Testing keras.saving.save_model() with .keras\
  \ extension...')\nwith tempfile.TemporaryDirectory() as tmpdir:\n    filepath =\
  \ os.path.join(tmpdir, 'model2.keras')\n    keras.saving.save_model(model, filepath)\n\
  \    loaded_model = keras.saving.load_model(filepath)\n    x = np.random.rand(10,\
  \ 3).astype('float32')\n    assert np.allclose(model.predict(x, verbose=0), loaded_model.predict(x,\
  \ verbose=0))\n    print('  PASSED!')\n\n# Test 3: Test model.save() with .h5 extension\
  \ (legacy format)\nprint('Test 3: Testing model.save() with .h5 extension (legacy\
  \ format)...')\nwith tempfile.TemporaryDirectory() as tmpdir:\n    filepath = os.path.join(tmpdir,\
  \ 'model.h5')\n    model.save(filepath)\n    loaded_model = keras.saving.load_model(filepath)\n\
  \    x = np.random.rand(10, 3).astype('float32')\n    assert np.allclose(model.predict(x,\
  \ verbose=0), loaded_model.predict(x, verbose=0))\n    print('  PASSED!')\n\n# Test\
  \ 4: Test invalid filepath extension\nprint('Test 4: Testing invalid filepath extension...')\n\
  with tempfile.TemporaryDirectory() as tmpdir:\n    filepath = os.path.join(tmpdir,\
  \ 'model.invalid')\n    try:\n        model.save(filepath)\n        print('  FAILED!\
  \ Should have raised ValueError')\n    except ValueError as e:\n        print('\
  \  PASSED! Got expected ValueError')\n\n# Test 5: Test save_format argument (deprecated)\n\
  print('Test 5: Testing save_format argument (deprecated)...')\nwith tempfile.TemporaryDirectory()\
  \ as tmpdir:\n    filepath = os.path.join(tmpdir, 'model.keras')\n    # This should\
  \ work but show a warning\n    model.save(filepath, save_format='keras')\n    print('\
  \  PASSED!')\n\nprint('\\\\nAll tests passed!')\n\"\n"
timeout: 120

========================================================================================================================
TOOL RETURN (bash)
```
/workspace/keras/layers/core/dense.py:73: UserWarning: Do not pass an `input_shape`/`input_dim` argument to a layer. When using Sequential models, prefer using an `Input(shape)` object as the first layer in the model instead.
  super().__init__(activity_regularizer=activity_regularizer, **kwargs)
Traceback (most recent call last):
  File "<string>", line 28, in <module>
AttributeError: module 'keras.saving' has no attribute 'save_model'
Test 1: Testing model.save() with .keras extension...
  PAS...
```
========================================================================================================================
AGENT:
It seems `keras.saving.save_model` is not being exported properly. Let me check the `keras/saving/__init__.py` file:
========================================================================================================================
TOOL CALL (open_files)
file_paths:
- keras/saving/__init__.py

========================================================================================================================
TOOL RETURN (open_files)
```
['Successfully opened keras/saving/__init__.py:\n\n````python\n   0 from keras.saving.object_registration import CustomObjectScope\n   1 from keras.saving.object_registration import custom_object_scope\n   2 from keras.saving.object_registration import get_custom_objects\n   3 from keras.saving.object_registration import get_registered_name\n   4 from keras.saving.object_registration import get_registered_object\n   5 from keras.saving.object_registration import register_keras_serializable\n   6...
```
========================================================================================================================
AGENT:
I see that `save_model` is not exported from `keras/saving/__init__.py`. Let me add it:
========================================================================================================================
TOOL CALL (find_and_replace_code)
file_path: keras/saving/__init__.py
find: 'from keras.saving.object_registration import CustomObjectScope

  from keras.saving.object_registration import custom_object_scope

  from keras.saving.object_registration import get_custom_objects

  from keras.saving.object_registration import get_registered_name

  from keras.saving.object_registration import get_registered_object

  from keras.saving.object_registration import register_keras_serializable

  from keras.saving.saving_api import load_model

  from keras.saving.serialization_lib import deserialize_keras_object

  from keras.saving.serialization_lib import serialize_keras_object'
replace: 'from keras.saving.object_registration import CustomObjectScope

  from keras.saving.object_registration import custom_object_scope

  from keras.saving.object_registration import get_custom_objects

  from keras.saving.object_registration import get_registered_name

  from keras.saving.object_registration import get_registered_object

  from keras.saving.object_registration import register_keras_serializable

  from keras.saving.saving_api import load_model

  from keras.saving.saving_api import save_model

  from keras.saving.serialization_lib import deserialize_keras_object

  from keras.saving.serialization_lib import serialize_keras_object'

========================================================================================================================
TOOL RETURN (find_and_replace_code)
```
Successfully replaced code in keras/saving/__init__.py:

--- keras/saving/__init__.py
+++ keras/saving/__init__.py
@@ -5,5 +5,6 @@
 from keras.saving.object_registration import get_registered_object
 from keras.saving.object_registration import register_keras_serializable
 from keras.saving.saving_api import load_model
+from keras.saving.saving_api import save_model
 from keras.saving.serialization_lib import deserialize_keras_object
 from keras.saving.serialization_lib import serialize_keras_ob...
```
========================================================================================================================
AGENT:
Now let me run the tests again:
========================================================================================================================
TOOL CALL (bash)
command: "cd /workspace && python -c \"\nimport os\nos.environ['KERAS_BACKEND'] =\
  \ 'tensorflow'\n\nimport keras\nimport numpy as np\nimport tempfile\n\n# Test 1:\
  \ Test model.save() with .keras extension\nprint('Test 1: Testing model.save() with\
  \ .keras extension...')\nmodel = keras.Sequential([\n    keras.layers.Dense(5, input_shape=(3,)),\n\
  \    keras.layers.Softmax(),\n])\n\nwith tempfile.TemporaryDirectory() as tmpdir:\n\
  \    filepath = os.path.join(tmpdir, 'model.keras')\n    model.save(filepath)\n\
  \    loaded_model = keras.saving.load_model(filepath)\n    x = np.random.rand(10,\
  \ 3).astype('float32')\n    assert np.allclose(model.predict(x, verbose=0), loaded_model.predict(x,\
  \ verbose=0))\n    print('  PASSED!')\n\n# Test 2: Test keras.saving.save_model()\
  \ with .keras extension\nprint('Test 2: Testing keras.saving.save_model() with .keras\
  \ extension...')\nwith tempfile.TemporaryDirectory() as tmpdir:\n    filepath =\
  \ os.path.join(tmpdir, 'model2.keras')\n    keras.saving.save_model(model, filepath)\n\
  \    loaded_model = keras.saving.load_model(filepath)\n    x = np.random.rand(10,\
  \ 3).astype('float32')\n    assert np.allclose(model.predict(x, verbose=0), loaded_model.predict(x,\
  \ verbose=0))\n    print('  PASSED!')\n\n# Test 3: Test model.save() with .h5 extension\
  \ (legacy format)\nprint('Test 3: Testing model.save() with .h5 extension (legacy\
  \ format)...')\nwith tempfile.TemporaryDirectory() as tmpdir:\n    filepath = os.path.join(tmpdir,\
  \ 'model.h5')\n    model.save(filepath)\n    loaded_model = keras.saving.load_model(filepath)\n\
  \    x = np.random.rand(10, 3).astype('float32')\n    assert np.allclose(model.predict(x,\
  \ verbose=0), loaded_model.predict(x, verbose=0))\n    print('  PASSED!')\n\n# Test\
  \ 4: Test invalid filepath extension\nprint('Test 4: Testing invalid filepath extension...')\n\
  with tempfile.TemporaryDirectory() as tmpdir:\n    filepath = os.path.join(tmpdir,\
  \ 'model.invalid')\n    try:\n        model.save(filepath)\n        print('  FAILED!\
  \ Should have raised ValueError')\n    except ValueError as e:\n        print('\
  \  PASSED! Got expected ValueError')\n\n# Test 5: Test save_format argument (deprecated)\n\
  print('Test 5: Testing save_format argument (deprecated)...')\nwith tempfile.TemporaryDirectory()\
  \ as tmpdir:\n    filepath = os.path.join(tmpdir, 'model.keras')\n    # This should\
  \ work but show a warning\n    model.save(filepath, save_format='keras')\n    print('\
  \  PASSED!')\n\nprint('\\\\nAll tests passed!')\n\" 2>&1\n"
timeout: 120

========================================================================================================================
TOOL RETURN (bash)
```
/workspace/keras/layers/core/dense.py:73: UserWarning: Do not pass an `input_shape`/`input_dim` argument to a layer. When using Sequential models, prefer using an `Input(shape)` object as the first layer in the model instead.
  super().__init__(activity_regularizer=activity_regularizer, **kwargs)
WARNING:absl:You are saving your model as an HDF5 file via `model.save()`. This file format is considered legacy. We recommend using instead the native Keras format, e.g. `model.save('my_model.keras')`....
```
========================================================================================================================
AGENT:
All tests pass. Now let me also run the existing unit tests to make sure the refactoring doesn't break anything:
========================================================================================================================
TOOL CALL (bash)
command: cd /workspace && python -m pytest keras/saving/saving_api_test.py -v --timeout=120
  2>&1 | head -100
timeout: 180

========================================================================================================================
TOOL RETURN (bash)
```
/root/.pyenv/versions/3.11.12/bin/python: No module named pytest...
```
========================================================================================================================
TOOL CALL (bash)
command: pip install pytest -q && cd /workspace && python -m pytest keras/saving/saving_api_test.py
  -v --timeout=120 2>&1 | head -100
timeout: 180

========================================================================================================================
TOOL RETURN (bash)
```
WARNING: Running pip as the 'root' user can result in broken permissions and conflicting behaviour with the system package manager, possibly rendering your system unusable. It is recommended to use a virtual environment instead: https://pip.pypa.io/warnings/venv. Use the --root-user-action option if you know what you are doing and want to suppress this warning.

[notice] A new release of pip is available: 25.2 -> 25.3
[notice] To update, run: pip install --upgrade pip
ERROR: usage: __main__.py [...
```
========================================================================================================================
TOOL CALL (bash)
command: cd /workspace && python -m pytest keras/saving/saving_api_test.py -v 2>&1
  | head -150
timeout: 180

========================================================================================================================
TOOL RETURN (bash)
```
============================= test session starts ==============================
platform linux -- Python 3.11.12, pytest-9.0.1, pluggy-1.6.0 -- /root/.pyenv/versions/3.11.12/bin/python
cachedir: .pytest_cache
rootdir: /workspace
configfile: pyproject.toml
collecting ... collected 14 items

keras/saving/saving_api_test.py::SaveModelTests::test_basic_saving PASSED [  7%]
keras/saving/saving_api_test.py::SaveModelTests::test_invalid_save_format PASSED [ 14%]
keras/saving/saving_api_test.py::SaveMo...
```
========================================================================================================================
AGENT:
All tests pass. Let me also run the model tests to make sure the `Model.save()` method works correctly:
========================================================================================================================
TOOL CALL (bash)
command: cd /workspace && python -m pytest keras/models/model_test.py -v -k "save"
  2>&1 | head -100
timeout: 180

========================================================================================================================
TOOL RETURN (bash)
```
============================= test session starts ==============================
platform linux -- Python 3.11.12, pytest-9.0.1, pluggy-1.6.0 -- /root/.pyenv/versions/3.11.12/bin/python
cachedir: .pytest_cache
rootdir: /workspace
configfile: pyproject.toml
collecting ... collected 29 items / 29 deselected / 0 selected

============================ 29 deselected in 0.02s ============================...
```
========================================================================================================================
AGENT:
Let me also run the saving_lib tests:
========================================================================================================================
TOOL CALL (bash)
command: cd /workspace && python -m pytest keras/saving/saving_lib_test.py -v 2>&1
  | head -100
timeout: 180

========================================================================================================================
TOOL RETURN (bash)
```
============================= test session starts ==============================
platform linux -- Python 3.11.12, pytest-9.0.1, pluggy-1.6.0 -- /root/.pyenv/versions/3.11.12/bin/python
cachedir: .pytest_cache
rootdir: /workspace
configfile: pyproject.toml
collecting ... collected 28 items

keras/saving/saving_lib_test.py::SavingTest::test_compile_arg PASSED     [  3%]
keras/saving/saving_lib_test.py::SavingTest::test_compile_overridden_warnings_sequential PASSED [  7%]
keras/saving/saving_lib_t...
```
========================================================================================================================
AGENT:
All tests pass. Let me also check if there are any other places that might be affected by this change:
========================================================================================================================
TOOL CALL (grep)
content_pattern: legacy_h5_format
path_glob: '**/*.py'

========================================================================================================================
TOOL RETURN (grep)
```
keras/legacy/saving/legacy_h5_format_test.py:11:from keras.legacy.saving import legacy_h5_format
keras/legacy/saving/legacy_h5_format_test.py:105:        legacy_h5_format.save_model_to_hdf5(model, temp_filepath)
keras/legacy/saving/legacy_h5_format_test.py:106:        loaded = legacy_h5_format.load_model_from_hdf5(temp_filepath)
keras/legacy/saving/legacy_h5_format_test.py:142:        legacy_h5_format.save_model_to_hdf5(model, temp_filepath)
keras/legacy/saving/legacy_h5_format_test.py:143:     ...
```
========================================================================================================================
AGENT:
Good, the `legacy_h5_format` is still used in `saving_api.py` which is the correct place. The import was only removed from `model.py` where it's no longer needed.

Now let me verify the final state of the modified files:
========================================================================================================================
TOOL CALL (open_files)
file_paths:
- keras/models/model.py
- keras/saving/__init__.py

========================================================================================================================
TOOL RETURN (open_files)
```
['Successfully opened keras/models/model.py:\n\n````python\n   0 import inspect\n   1 import json\n   2 import os\n   3 import warnings\n   4 \n   5 from keras import backend\n   6 from keras import utils\n   7 from keras.api_export import keras_export\n   8 from keras.layers.layer import Layer\n   9 from keras.models.variable_mapping import map_trackable_variables\n  10 from keras.saving import saving_api\n  11 from keras.saving import saving_lib\n  12 from keras.trainers import trainer as base...
```
========================================================================================================================
AGENT:
The changes look good. Let me run a few more tests to make sure everything is working correctly:
========================================================================================================================
TOOL CALL (bash)
command: cd /workspace && python -m pytest keras/models/model_test.py -v 2>&1 | head
  -80
timeout: 180

========================================================================================================================
TOOL RETURN (bash)
```
============================= test session starts ==============================
platform linux -- Python 3.11.12, pytest-9.0.1, pluggy-1.6.0 -- /root/.pyenv/versions/3.11.12/bin/python
cachedir: .pytest_cache
rootdir: /workspace
configfile: pyproject.toml
collecting ... collected 29 items

keras/models/model_test.py::ModelTest::test_functional_dict_outputs_dict_losses PASSED [  3%]
keras/models/model_test.py::ModelTest::test_functional_dict_outputs_dict_losses_invalid_keys PASSED [  6%]
keras/m...
```
========================================================================================================================
AGENT:
All tests pass. Let me also run the legacy h5 format tests to make sure the h5 saving still works:
========================================================================================================================
TOOL CALL (bash)
command: cd /workspace && python -m pytest keras/legacy/saving/legacy_h5_format_test.py
  -v 2>&1 | head -80
timeout: 180

========================================================================================================================
TOOL RETURN (bash)
```
============================= test session starts ==============================
platform linux -- Python 3.11.12, pytest-9.0.1, pluggy-1.6.0 -- /root/.pyenv/versions/3.11.12/bin/python
cachedir: .pytest_cache
rootdir: /workspace
configfile: pyproject.toml
collecting ... collected 0 items

============================ no tests ran in 0.02s =============================...
```
========================================================================================================================
TOOL CALL (bash)
command: cd /workspace && python -m pytest keras/legacy/saving/legacy_h5_format_test.py
  -v --collect-only 2>&1 | head -30
timeout: 60

========================================================================================================================
TOOL RETURN (bash)
```
============================= test session starts ==============================
platform linux -- Python 3.11.12, pytest-9.0.1, pluggy-1.6.0 -- /root/.pyenv/versions/3.11.12/bin/python
cachedir: .pytest_cache
rootdir: /workspace
configfile: pyproject.toml
collecting ... collected 0 items

========================= no tests collected in 0.01s ==========================...
```
========================================================================================================================
TOOL CALL (bash)
command: 'cd /workspace && python -c "

  import os

  os.environ[''KERAS_BACKEND''] = ''tensorflow''

  import keras.legacy.saving.legacy_h5_format_test as test_module

  print(dir(test_module))

  "'
timeout: 60

========================================================================================================================
TOOL RETURN (bash)
```
['DirectoryCreationTest', 'LegacyH5BackwardsCompatTest', 'LegacyH5WeightsTest', 'LegacyH5WholeModelTest', '__builtins__', '__cached__', '__doc__', '__file__', '__loader__', '__name__', '__package__', '__spec__', 'get_functional_model', 'get_sequential_model', 'get_subclassed_model', 'keras', 'layers', 'legacy_h5_format', 'models', 'np', 'object_registration', 'ops', 'os', 'pytest', 'serialization_lib', 'testing', 'tf_keras']...
```
========================================================================================================================
TOOL CALL (bash)
command: cd /workspace && python -m pytest keras/legacy/saving/legacy_h5_format_test.py::LegacyH5WholeModelTest
  -v 2>&1 | head -50
timeout: 180

========================================================================================================================
TOOL RETURN (bash)
```
============================= test session starts ==============================
platform linux -- Python 3.11.12, pytest-9.0.1, pluggy-1.6.0 -- /root/.pyenv/versions/3.11.12/bin/python
cachedir: .pytest_cache
rootdir: /workspace
configfile: pyproject.toml
collecting ... collected 0 items

============================ no tests ran in 0.03s =============================...
```
========================================================================================================================
AGENT:
The test collection seems to have an issue. Let me check the test file:
========================================================================================================================
TOOL CALL (inspect_code)
file_path: keras/legacy/saving/legacy_h5_format_test.py
line_ranges:
- - 0
  - 50

========================================================================================================================
TOOL RETURN (inspect_code)
```
Successfully expanded code chunks in keras/legacy/saving/legacy_h5_format_test.py:

````python
   0 import os
   1 
   2 import numpy as np
   3 import pytest
   4 
   5 import keras
   6 from keras import layers
   7 from keras import models
   8 from keras import ops
   9 from keras import testing
  10 from keras.legacy.saving import legacy_h5_format
  11 from keras.saving import object_registration
  12 from keras.saving import serialization_lib
  13 
  14 # TODO: more thorough testing. Corre...
```
========================================================================================================================
AGENT:
I see - all the tests in this file are disabled (prefixed with `DISABLED_`). This is expected as they depend on `tf_keras` which is not available. The important thing is that the saving_api tests pass.

Let me also verify the changes work correctly with a more comprehensive test:
========================================================================================================================
TOOL CALL (bash)
command: "cd /workspace && python -c \"\nimport os\nos.environ['KERAS_BACKEND'] =\
  \ 'tensorflow'\n\nimport keras\nimport numpy as np\nimport tempfile\n\nprint('===\
  \ Comprehensive Test Suite ===')\nprint()\n\n# Test 1: Verify model.save() calls\
  \ saving_api.save_model()\nprint('Test 1: Verify model.save() is truly an alias\
  \ for keras.saving.save_model()...')\nmodel = keras.Sequential([\n    keras.layers.Dense(5,\
  \ input_shape=(3,)),\n    keras.layers.Softmax(),\n])\n\nwith tempfile.TemporaryDirectory()\
  \ as tmpdir:\n    filepath1 = os.path.join(tmpdir, 'model1.keras')\n    filepath2\
  \ = os.path.join(tmpdir, 'model2.keras')\n    \n    # Save using model.save()\n\
  \    model.save(filepath1)\n    \n    # Save using keras.saving.save_model()\n \
  \   keras.saving.save_model(model, filepath2)\n    \n    # Both should produce valid\
  \ files\n    loaded1 = keras.saving.load_model(filepath1)\n    loaded2 = keras.saving.load_model(filepath2)\n\
  \    \n    x = np.random.rand(10, 3).astype('float32')\n    assert np.allclose(model.predict(x,\
  \ verbose=0), loaded1.predict(x, verbose=0))\n    assert np.allclose(model.predict(x,\
  \ verbose=0), loaded2.predict(x, verbose=0))\n    print('  PASSED!')\n\n# Test 2:\
  \ Test overwrite=False behavior\nprint('Test 2: Test overwrite=False behavior...')\n\
  with tempfile.TemporaryDirectory() as tmpdir:\n    filepath = os.path.join(tmpdir,\
  \ 'model.keras')\n    model.save(filepath)\n    # File should exist now\n    assert\
  \ os.path.exists(filepath)\n    print('  PASSED!')\n\n# Test 3: Test with include_optimizer\
  \ argument\nprint('Test 3: Test with include_optimizer argument...')\nmodel.compile(optimizer='adam',\
  \ loss='mse')\nwith tempfile.TemporaryDirectory() as tmpdir:\n    filepath = os.path.join(tmpdir,\
  \ 'model.keras')\n    model.save(filepath, include_optimizer=True)\n    loaded =\
  \ keras.saving.load_model(filepath)\n    print('  PASSED!')\n\n# Test 4: Test with\
  \ invalid save_format (should warn)\nprint('Test 4: Test with invalid save_format\
  \ argument (deprecated)...')\nwith tempfile.TemporaryDirectory() as tmpdir:\n  \
  \  filepath = os.path.join(tmpdir, 'model.keras')\n    # This should work but show\
  \ a warning\n    model.save(filepath, save_format='keras')\n    print('  PASSED!')\n\
  \n# Test 5: Test with unsupported arguments\nprint('Test 5: Test with unsupported\
  \ arguments...')\nwith tempfile.TemporaryDirectory() as tmpdir:\n    filepath =\
  \ os.path.join(tmpdir, 'model.keras')\n    try:\n        model.save(filepath, unsupported_arg=True)\n\
  \        print('  FAILED! Should have raised ValueError')\n    except ValueError\
  \ as e:\n        if 'unsupported_arg' in str(e):\n            print('  PASSED!')\n\
  \        else:\n            print(f'  FAILED! Wrong error: {e}')\n\n# Test 6: Test\
  \ Functional model\nprint('Test 6: Test Functional model...')\ninputs = keras.Input(shape=(3,))\n\
  x = keras.layers.Dense(5)(inputs)\noutputs = keras.layers.Softmax()(x)\nfunctional_model\
  \ = keras.Model(inputs, outputs)\n\nwith tempfile.TemporaryDirectory() as tmpdir:\n\
  \    filepath = os.path.join(tmpdir, 'functional_model.keras')\n    functional_model.save(filepath)\n\
  \    loaded = keras.saving.load_model(filepath)\n    x = np.random.rand(10, 3).astype('float32')\n\
  \    assert np.allclose(functional_model.predict(x, verbose=0), loaded.predict(x,\
  \ verbose=0))\n    print('  PASSED!')\n\n# Test 7: Test Subclassed model\nprint('Test\
  \ 7: Test Subclassed model...')\nclass MyModel(keras.Model):\n    def __init__(self):\n\
  \        super().__init__()\n        self.dense = keras.layers.Dense(5)\n      \
  \  self.softmax = keras.layers.Softmax()\n    \n    def call(self, inputs):\n  \
  \      return self.softmax(self.dense(inputs))\n\nsubclassed_model = MyModel()\n\
  subclassed_model.build((None, 3))\n\nwith tempfile.TemporaryDirectory() as tmpdir:\n\
  \    filepath = os.path.join(tmpdir, 'subclassed_model.keras')\n    subclassed_model.save(filepath)\n\
  \    loaded = keras.saving.load_model(filepath)\n    x = np.random.rand(10, 3).astype('float32')\n\
  \    assert np.allclose(subclassed_model.predict(x, verbose=0), loaded.predict(x,\
  \ verbose=0))\n    print('  PASSED!')\n\nprint()\nprint('=== All tests passed! ===')\n\
  \" 2>&1\n"
timeout: 120

========================================================================================================================
TOOL RETURN (bash)
```
/workspace/keras/layers/core/dense.py:73: UserWarning: Do not pass an `input_shape`/`input_dim` argument to a layer. When using Sequential models, prefer using an `Input(shape)` object as the first layer in the model instead.
  super().__init__(activity_regularizer=activity_regularizer, **kwargs)
/workspace/keras/saving/saving_lib.py:355: UserWarning: Skipping variable loading for optimizer 'adam', because it has 6 variables whereas the saved optimizer has 2 variables. 
  trackable.load_own_vari...
```
========================================================================================================================
AGENT:
The test for subclassed models failed because the custom model class needs to be registered. This is expected behavior and not related to our changes. Let me run a simpler test to verify the refactoring is correct:
========================================================================================================================
TOOL CALL (bash)
command: "cd /workspace && python -c \"\nimport os\nos.environ['KERAS_BACKEND'] =\
  \ 'tensorflow'\n\nimport keras\nimport numpy as np\nimport tempfile\n\nprint('===\
  \ Final Verification Tests ===')\nprint()\n\n# Test 1: Verify model.save() calls\
  \ saving_api.save_model()\nprint('Test 1: Verify model.save() is truly an alias\
  \ for keras.saving.save_model()...')\nmodel = keras.Sequential([\n    keras.layers.Dense(5,\
  \ input_shape=(3,)),\n    keras.layers.Softmax(),\n])\n\nwith tempfile.TemporaryDirectory()\
  \ as tmpdir:\n    filepath1 = os.path.join(tmpdir, 'model1.keras')\n    filepath2\
  \ = os.path.join(tmpdir, 'model2.keras')\n    \n    # Save using model.save()\n\
  \    model.save(filepath1)\n    \n    # Save using keras.saving.save_model()\n \
  \   keras.saving.save_model(model, filepath2)\n    \n    # Both should produce valid\
  \ files\n    loaded1 = keras.saving.load_model(filepath1)\n    loaded2 = keras.saving.load_model(filepath2)\n\
  \    \n    x = np.random.rand(10, 3).astype('float32')\n    assert np.allclose(model.predict(x,\
  \ verbose=0), loaded1.predict(x, verbose=0))\n    assert np.allclose(model.predict(x,\
  \ verbose=0), loaded2.predict(x, verbose=0))\n    print('  PASSED!')\n\n# Test 2:\
  \ Test h5 format\nprint('Test 2: Test h5 format...')\nwith tempfile.TemporaryDirectory()\
  \ as tmpdir:\n    filepath = os.path.join(tmpdir, 'model.h5')\n    model.save(filepath)\n\
  \    loaded = keras.saving.load_model(filepath)\n    x = np.random.rand(10, 3).astype('float32')\n\
  \    assert np.allclose(model.predict(x, verbose=0), loaded.predict(x, verbose=0))\n\
  \    print('  PASSED!')\n\n# Test 3: Test invalid extension\nprint('Test 3: Test\
  \ invalid extension...')\nwith tempfile.TemporaryDirectory() as tmpdir:\n    filepath\
  \ = os.path.join(tmpdir, 'model.invalid')\n    try:\n        model.save(filepath)\n\
  \        print('  FAILED!')\n    except ValueError:\n        print('  PASSED!')\n\
  \n# Test 4: Test unsupported arguments\nprint('Test 4: Test unsupported arguments...')\n\
  with tempfile.TemporaryDirectory() as tmpdir:\n    filepath = os.path.join(tmpdir,\
  \ 'model.keras')\n    try:\n        model.save(filepath, unsupported_arg=True)\n\
  \        print('  FAILED!')\n    except ValueError as e:\n        if 'unsupported_arg'\
  \ in str(e):\n            print('  PASSED!')\n        else:\n            print(f'\
  \  FAILED! Wrong error: {e}')\n\n# Test 5: Test Functional model\nprint('Test 5:\
  \ Test Functional model...')\ninputs = keras.Input(shape=(3,))\nx = keras.layers.Dense(5)(inputs)\n\
  outputs = keras.layers.Softmax()(x)\nfunctional_model = keras.Model(inputs, outputs)\n\
  \nwith tempfile.TemporaryDirectory() as tmpdir:\n    filepath = os.path.join(tmpdir,\
  \ 'functional_model.keras')\n    functional_model.save(filepath)\n    loaded = keras.saving.load_model(filepath)\n\
  \    x = np.random.rand(10, 3).astype('float32')\n    assert np.allclose(functional_model.predict(x,\
  \ verbose=0), loaded.predict(x, verbose=0))\n    print('  PASSED!')\n\nprint()\n\
  print('=== All tests passed! ===')\n\" 2>&1\n"
timeout: 120

========================================================================================================================
TOOL RETURN (bash)
```
/workspace/keras/layers/core/dense.py:73: UserWarning: Do not pass an `input_shape`/`input_dim` argument to a layer. When using Sequential models, prefer using an `Input(shape)` object as the first layer in the model instead.
  super().__init__(activity_regularizer=activity_regularizer, **kwargs)
WARNING:absl:You are saving your model as an HDF5 file via `model.save()`. This file format is considered legacy. We recommend using instead the native Keras format, e.g. `model.save('my_model.keras')`....
```
========================================================================================================================
AGENT:
All tests pass. Let me now summarize the changes I made:
========================================================================================================================
AGENT:
Verifying the changes made to resolve the feature duplication issue between model.save() and keras.saving.save_model()
========================================================================================================================
AGENT:
Let me do a final review of the changes:
========================================================================================================================
TOOL CALL (bash)
command: cd /workspace && git diff
timeout: 30

========================================================================================================================
TOOL RETURN (bash)
```
diff --git a/keras/models/model.py b/keras/models/model.py
index ee89bb424..e7408e83a 100644
--- a/keras/models/model.py
+++ b/keras/models/model.py
@@ -7,7 +7,6 @@ from keras import backend
 from keras import utils
 from keras.api_export import keras_export
 from keras.layers.layer import Layer
-from keras.legacy.saving import legacy_h5_format
 from keras.models.variable_mapping import map_trackable_variables
 from keras.saving import saving_api
 from keras.saving import saving_lib
@@ -303,60 +...
```
========================================================================================================================
AGENT:
The changes look correct. Let me run the full test suite for the saving module one more time to ensure everything is working:
========================================================================================================================
TOOL CALL (bash)
command: cd /workspace && python -m pytest keras/saving/ -v --ignore=keras/saving/saving_lib_test.py
  2>&1 | tail -50
timeout: 180

========================================================================================================================
TOOL RETURN (bash)
```
============================= test session starts ==============================
platform linux -- Python 3.11.12, pytest-9.0.1, pluggy-1.6.0 -- /root/.pyenv/versions/3.11.12/bin/python
cachedir: .pytest_cache
rootdir: /workspace
configfile: pyproject.toml
collecting ... collected 29 items

keras/saving/object_registration_test.py::TestObjectRegistration::test_custom_object_scope PASSED [  3%]
keras/saving/object_registration_test.py::TestObjectRegistration::test_serialize_custom_class_with_cust...
```
========================================================================================================================
TOOL CALL (bash)
command: cd /workspace && python -m pytest keras/saving/saving_lib_test.py -v 2>&1
  | tail -50
timeout: 180

========================================================================================================================
TOOL RETURN (bash)
```
============================= test session starts ==============================
platform linux -- Python 3.11.12, pytest-9.0.1, pluggy-1.6.0 -- /root/.pyenv/versions/3.11.12/bin/python
cachedir: .pytest_cache
rootdir: /workspace
configfile: pyproject.toml
collecting ... collected 28 items

keras/saving/saving_lib_test.py::SavingTest::test_compile_arg PASSED     [  3%]
keras/saving/saving_lib_test.py::SavingTest::test_compile_overridden_warnings_sequential PASSED [  7%]
keras/saving/saving_lib_t...
```
========================================================================================================================
AGENT:
All tests pass. Let me now provide a summary of the changes made:
========================================================================================================================
AGENT:
Successfully resolved the feature duplication issue between model.save() and keras.saving.save_model().

## Changes Made:

### 1. `keras/models/model.py`
- **Removed the duplicated implementation** of the `save()` method (lines 305-358)
- **Replaced with a single line** that calls `saving_api.save_model(self, filepath, overwrite=overwrite, **kwargs)`
- **Removed unused import** of `legacy_h5_format` since it's no longer needed in this file

### 2. `keras/saving/__init__.py`
- **Added export** of `save_model` from `saving_api` to make `keras.saving.save_model()` accessible

## Summary:
The `Model.save()` method now truly acts as an alias for `keras.saving.save_model()` as stated in its docstring. This eliminates the code duplication that was causing maintenance issues and potential version fragmentation. All functionality is preserved:
- Saving to `.keras` format
- Saving to legacy `.h5` format (with deprecation warning)
- Handling of `overwrite`, `include_optimizer`, and `save_format` arguments
- Proper error handling for unsupported arguments and invalid file extensions

All existing tests pass, confirming the refactoring maintains backward compatibility.