########################################################################################################################
PHASE 1
########################################################################################################################
========================================================================================================================
AGENT:
I will start by viewing the workspace to understand its structure and contents. This will help me identify key files and locations that may be relevant to the task.
========================================================================================================================
USER PROMPT:
Resolve the following problem statement:

<problem_statement>
Can't deploy with master branch: "Cannot read property 'endsWith' of null"
<!--
1. If you have a question and not a bug/feature request please ask it at http://forum.serverless.com
2. Please check if an issue already exists so there are no duplicates
3. Check out and follow our Guidelines: https://github.com/serverless/serverless/blob/master/CONTRIBUTING.md
4. Fill out the whole template so we have a good overview on the issue
5. Do not remove any section of the template. If something is not applicable leave it empty but leave it in the Issue
6. Please follow the template, otherwise we'll have to ask you to update it
-->
# This is a Bug Report
## Description

Installed from master branch (needed to pull in https://github.com/serverless/serverless/pull/2014), and `serverless deploy` no longer works.  I get the error "Cannot read property 'endsWith' of null".

This happens with full Admin AWS credentials on the hello-world project created by `serverless create --template aws-nodejs`

For bug reports:
- What went wrong?
- What did you expect should have happened?
- What was the config you used?
- What stacktrace or error message from your provider did you see?
## Additional Data
- **_Serverless Framework Version you're using**_: 1.0.2
- **_Operating System**_: Ubuntu 14
- **_Stack Trace**_: below
- **_Provider Error messages**_: none

``` bash
$ SLS_DEBUG=true serverless deploy -v

Serverless: Packaging service...
Serverless: Removing old service versions...
Serverless: Uploading CloudFormation file to S3...
Serverless: Uploading service .zip file to S3...
Serverless: Updating Stack...
Serverless: Checking Stack update progress...

  Serverless Error ---------------------------------------

     Cannot read property 'endsWith' of null

  Stack Trace --------------------------------------------

ServerlessError: Cannot read property 'endsWith' of null
    at sdk.request.then.catch (/home/ubuntu/.npm-global/lib/node_modules/serverless/lib/plugins/aws/lib/monitorStack.js:97:26)
    at tryCatcher (/home/ubuntu/.npm-global/lib/node_modules/serverless/node_modules/bluebird/js/release/util.js:16:23)
    at Promise._settlePromiseFromHandler (/home/ubuntu/.npm-global/lib/node_modules/serverless/node_modules/bluebird/js/release/promise.js:510:31)
    at Promise._settlePromise (/home/ubuntu/.npm-global/lib/node_modules/serverless/node_modules/bluebird/js/release/promise.js:567:18)
    at Promise._settlePromise0 (/home/ubuntu/.npm-global/lib/node_modules/serverless/node_modules/bluebird/js/release/promise.js:612:10)
    at Promise._settlePromises (/home/ubuntu/.npm-global/lib/node_modules/serverless/node_modules/bluebird/js/release/promise.js:687:18)
    at Async._drainQueue (/home/ubuntu/.npm-global/lib/node_modules/serverless/node_modules/bluebird/js/release/async.js:138:16)
    at Async._drainQueues (/home/ubuntu/.npm-global/lib/node_modules/serverless/node_modules/bluebird/js/release/async.js:148:10)
    at Immediate.Async.drainQueues (/home/ubuntu/.npm-global/lib/node_modules/serverless/node_modules/bluebird/js/release/async.js:17:14)
    at runCallback (timers.js:574:20)
    at tryOnImmediate (timers.js:554:5)
    at processImmediate [as _immediateCallback] (timers.js:533:5)

  Get Support --------------------------------------------
     Docs:          docs.serverless.com
     Bugs:          github.com/serverless/serverless/issues

  Your Environment Infomation -----------------------------
     OS:                 linux
     Node Version:       6.7.0
     Serverless Version: 1.0.2
```


</problem_statement>

Do not stop until you have made code changes that resolve the problem statement. Do not ask for clarifications.
========================================================================================================================
AGENT:
Starting to analyze the problem. The error "Cannot read property 'endsWith' of null" occurs in monitorStack.js at line 97. I need to examine this file to understand the issue and fix it.
========================================================================================================================
AGENT:
<thinking>
The error message indicates that the issue is in `lib/plugins/aws/lib/monitorStack.js` at line 97. The error "Cannot read property 'endsWith' of null" suggests that some value that should be a string is actually null, and the code is trying to call `.endsWith()` on it.

Let me open and examine the monitorStack.js file to understand the issue.
</thinking>
========================================================================================================================
TOOL CALL (open_files)
file_paths:
- lib/plugins/aws/lib/monitorStack.js

========================================================================================================================
TOOL RETURN (open_files)
```
["Successfully opened lib/plugins/aws/lib/monitorStack.js:\n\n````javascript\n   0 'use strict';\n   1 \n   2 const BbPromise = require('bluebird');\n   3 const async = require('async');\n   4 const chalk = require('chalk');\n   5 \n   6 module.exports = {\n   7   monitorStack(action, cfData, frequency) {\n   8     // Skip monitoring if a deployment should not be performed\n   9     if (this.options.noDeploy) return BbPromise.bind(this).then(BbPromise.resolve());\n  10 \n  11     // Skip monitor...
```
========================================================================================================================
AGENT:
ANALYSIS: Identifying the issue

<thinking>
Now I can see the issue. Looking at the code, the error occurs at line 97 according to the stack trace, but looking at the code, I can see several places where `.endsWith()` is called:

1. Line 54: `if (eventStatus.endsWith('FAILED') && stackLatestError === null)`
2. Line 59: `if (eventStatus.endsWith('FAILED'))`
3. Line 61: `else if (eventStatus.endsWith('PROGRESS'))`
4. Line 63: `else if (eventStatus.endsWith('COMPLETE'))`
5. Line 79: `(stackStatus.endsWith('ROLLBACK_COMPLETE') && this.options.verbose)`
6. Line 90: `if (action === 'removal' && e.message.endsWith('does not exist'))`

The stack trace says the error is at line 97, which is in the catch block. But looking at the code, line 97 is just `}`. The actual error must be happening at line 79 where `stackStatus.endsWith('ROLLBACK_COMPLETE')` is called.

Looking at the logic:
- `stackStatus` is initialized to `null` at line 24
- It's only updated at line 51 when `event.ResourceType === 'AWS::CloudFormation::Stack'`
- At line 79, the code checks `stackStatus.endsWith('ROLLBACK_COMPLETE')` without first checking if `stackStatus` is null

The issue is that `stackStatus` could still be `null` when line 79 is reached if no `AWS::CloudFormation::Stack` event has been processed yet. The code needs to check if `stackStatus` is not null before calling `.endsWith()` on it.

Let me fix this by adding a null check before calling `.endsWith()` on `stackStatus`.
</thinking>
========================================================================================================================
TOOL CALL (find_and_replace_code)
file_path: lib/plugins/aws/lib/monitorStack.js
find: "                // Handle stack create/update/delete failures\n           \
  \     if ((stackLatestError && !this.options.verbose)\n                || (stackStatus.endsWith('ROLLBACK_COMPLETE')\
  \ && this.options.verbose)) {"
replace: "                // Handle stack create/update/delete failures\n        \
  \        if ((stackLatestError && !this.options.verbose)\n                || (stackStatus\
  \ && stackStatus.endsWith('ROLLBACK_COMPLETE') && this.options.verbose)) {"

========================================================================================================================
TOOL RETURN (find_and_replace_code)
```
Successfully replaced code in lib/plugins/aws/lib/monitorStack.js:

--- lib/plugins/aws/lib/monitorStack.js
+++ lib/plugins/aws/lib/monitorStack.js
@@ -77,7 +77,7 @@
                 });
                 // Handle stack create/update/delete failures
                 if ((stackLatestError && !this.options.verbose)
-                || (stackStatus.endsWith('ROLLBACK_COMPLETE') && this.options.verbose)) {
+                || (stackStatus && stackStatus.endsWith('ROLLBACK_COMPLETE') && this.options....
```
========================================================================================================================
AGENT:
REVIEW CHANGES: Verifying the fix

<thinking>
I've made the fix by adding a null check (`stackStatus &&`) before calling `.endsWith()` on `stackStatus`. Now I need to:

1. Review the change to ensure it's correct
2. Check if there are any tests for this file that I should run to verify the fix

Let me first look at the test file for monitorStack to see if there are existing tests I can run.
</thinking>
========================================================================================================================
TOOL CALL (open_files)
file_paths:
- lib/plugins/aws/tests/monitorStack.js

========================================================================================================================
TOOL RETURN (open_files)
```
["Successfully opened lib/plugins/aws/tests/monitorStack.js:\n\n````javascript\n   0 'use strict';\n   1 \n   2 const expect = require('chai').expect;\n...\n  11   const serverless = new Serverless();\n...\n  29       const describeStackEventsStub = sinon.stub(awsPlugin.provider, 'request');\n  30       const cfDataMock = {\n...\n  41       const describeStackEventsStub = sinon.stub(awsPlugin.provider, 'request');\n...\n  50       const describeStackEventsStub = sinon.stub(awsPlugin.provider, 'r...
```
========================================================================================================================
TOOL CALL (inspect_code)
file_path: lib/plugins/aws/tests/monitorStack.js
line_ranges:
- - 0
  - -1

========================================================================================================================
TOOL RETURN (inspect_code)
```
Successfully expanded code chunks in lib/plugins/aws/tests/monitorStack.js:

````javascript
   0 'use strict';
   1 
   2 const expect = require('chai').expect;
   3 const sinon = require('sinon');
   4 const BbPromise = require('bluebird');
   5 const Serverless = require('../../../Serverless');
   6 const AwsProvider = require('../provider/awsProvider');
   7 const CLI = require('../../../classes/CLI');
   8 const monitorStack = require('../lib/monitorStack');
   9 
  10 describe('monitorStack...
```
========================================================================================================================
AGENT:
<thinking>
Now I have a good understanding of the tests. Let me run the tests to make sure my fix doesn't break anything. First, let me install the dependencies.
</thinking>
========================================================================================================================
TOOL CALL (bash)
command: cd /workspace && npm install 2>&1 | tail -20
timeout: 120

========================================================================================================================
TOOL RETURN (bash)
```

added 477 packages, and audited 478 packages in 15s

80 packages are looking for funding
  run `npm fund` for details

53 vulnerabilities (21 moderate, 19 high, 13 critical)

To address issues that do not require attention, run:
  npm audit fix

To address all issues (including breaking changes), run:
  npm audit fix --force

Run `npm audit` for details.
npm notice
npm notice New major version of npm available! 10.9.3 -> 11.6.4
npm notice Changelog: https://github.com/npm/cli/releases/tag/v11.6...
```
========================================================================================================================
TOOL CALL (bash)
command: cd /workspace && npm test -- --grep "monitorStack" 2>&1
timeout: 60

========================================================================================================================
TOOL RETURN (bash)
```

> serverless@1.0.3 test
> istanbul cover -x '**/*.test.js' node_modules/mocha/bin/_mocha tests/all -- -R spec --recursive --grep monitorStack



  monitorStack
    #monitorStack()
      ✓ should skip monitoring if the --noDeploy option is specified
      ✓ should skip monitoring if the stack was already created
Serverless: Checking Stack create progress…
..
Serverless: Stack create finished…
      ✓ should keep monitoring until CREATE_COMPLETE stack status
Serverless: Checking Stack update prog...
```
========================================================================================================================
AGENT:
All 9 tests for `monitorStack` are passing. Let me also verify the fix by looking at the updated file:
========================================================================================================================
TOOL CALL (open_files)
file_paths:
- lib/plugins/aws/lib/monitorStack.js

========================================================================================================================
TOOL RETURN (open_files)
```
["Successfully opened lib/plugins/aws/lib/monitorStack.js:\n\n````javascript\n   0 'use strict';\n   1 \n   2 const BbPromise = require('bluebird');\n   3 const async = require('async');\n   4 const chalk = require('chalk');\n   5 \n   6 module.exports = {\n   7   monitorStack(action, cfData, frequency) {\n   8     // Skip monitoring if a deployment should not be performed\n   9     if (this.options.noDeploy) return BbPromise.bind(this).then(BbPromise.resolve());\n  10 \n  11     // Skip monitor...
```
========================================================================================================================
AGENT:
<thinking>
The fix is in place at line 79. The change adds a null check (`stackStatus &&`) before calling `.endsWith()` on `stackStatus`. This prevents the "Cannot read property 'endsWith' of null" error when `stackStatus` is still `null` (i.e., when no `AWS::CloudFormation::Stack` event has been processed yet).

Let me verify the fix is correct by understanding the logic:

1. `stackStatus` is initialized to `null` at line 24
2. It's only updated at line 51 when `event.ResourceType === 'AWS::CloudFormation::Stack'`
3. At line 79, the code now checks `stackStatus && stackStatus.endsWith('ROLLBACK_COMPLETE')` which will short-circuit if `stackStatus` is null

This is the correct fix. The tests are passing, and the logic is sound. Let me also run the full test suite to make sure nothing else is broken.
</thinking>
========================================================================================================================
TOOL CALL (bash)
command: cd /workspace && npm test 2>&1 | tail -50
timeout: 120

========================================================================================================================
TOOL RETURN (bash)
```
      at Assertion.assertEqual (node_modules/chai/lib/chai/core/assertions.js:485:19)
      at ctx.<computed> [as equal] (node_modules/chai/lib/chai/utils/addMethod.js:41:25)
      at Context.<anonymous> (lib/Serverless.test.js:225:40)
      at process.processImmediate (node:internal/timers:485:21)

  3) Utils "before each" hook:
     Uncaught Cannot find module 'testPlugin'
Require stack:
- /workspace/lib/classes/PluginManager.js
- /workspace/lib/Serverless.js
- /workspace/lib/Serverless.test.j...
```
========================================================================================================================
AGENT:
<thinking>
The test failures are unrelated to my fix - they appear to be pre-existing issues with the test setup (missing 'testPlugin' module and some other test issues). Let me specifically run the monitorStack tests again to confirm my fix is working correctly.
</thinking>
========================================================================================================================
TOOL CALL (bash)
command: "cd /workspace && npm test -- --grep \"monitorStack\" 2>&1 | grep -E \"(passing|failing|\u2713\
  |\u2717)\""
timeout: 60

========================================================================================================================
TOOL RETURN (bash)
```
      ✓ should skip monitoring if the --noDeploy option is specified
      ✓ should skip monitoring if the stack was already created
      ✓ should keep monitoring until CREATE_COMPLETE stack status
      ✓ should keep monitoring until UPDATE_COMPLETE stack status
      ✓ should keep monitoring until DELETE_COMPLETE stack status
      ✓ should keep monitoring until DELETE_COMPLETE or stack not found catch
      ✓ should output all stack events information with the --verbose option (46ms)
      ✓...
```
========================================================================================================================
AGENT:
All 9 tests for `monitorStack` are passing. Let me also write a quick test to verify that the specific bug scenario (where `stackStatus` is null when checking for ROLLBACK_COMPLETE) is now handled correctly:
========================================================================================================================
TOOL CALL (bash)
command: "cd /workspace && cat > /tmp/test_fix.js << 'EOF'\n// Test to verify the\
  \ fix for \"Cannot read property 'endsWith' of null\"\n\n// Simulate the original\
  \ buggy code\nfunction originalBuggyCode(stackStatus) {\n  try {\n    if (stackStatus.endsWith('ROLLBACK_COMPLETE'))\
  \ {\n      return 'rollback complete';\n    }\n    return 'ok';\n  } catch (e) {\n\
  \    return 'ERROR: ' + e.message;\n  }\n}\n\n// Simulate the fixed code\nfunction\
  \ fixedCode(stackStatus) {\n  try {\n    if (stackStatus && stackStatus.endsWith('ROLLBACK_COMPLETE'))\
  \ {\n      return 'rollback complete';\n    }\n    return 'ok';\n  } catch (e) {\n\
  \    return 'ERROR: ' + e.message;\n  }\n}\n\nconsole.log('Testing with stackStatus\
  \ = null:');\nconsole.log('  Original (buggy): ' + originalBuggyCode(null));\nconsole.log('\
  \  Fixed:            ' + fixedCode(null));\n\nconsole.log('\\nTesting with stackStatus\
  \ = \"ROLLBACK_COMPLETE\":');\nconsole.log('  Original (buggy): ' + originalBuggyCode('ROLLBACK_COMPLETE'));\n\
  console.log('  Fixed:            ' + fixedCode('ROLLBACK_COMPLETE'));\n\nconsole.log('\\\
  nTesting with stackStatus = \"UPDATE_COMPLETE\":');\nconsole.log('  Original (buggy):\
  \ ' + originalBuggyCode('UPDATE_COMPLETE'));\nconsole.log('  Fixed:            '\
  \ + fixedCode('UPDATE_COMPLETE'));\nEOF\nnode /tmp/test_fix.js"
timeout: 10

========================================================================================================================
TOOL RETURN (bash)
```
Testing with stackStatus = null:
  Original (buggy): ERROR: Cannot read properties of null (reading 'endsWith')
  Fixed:            ok

Testing with stackStatus = "ROLLBACK_COMPLETE":
  Original (buggy): rollback complete
  Fixed:            rollback complete

Testing with stackStatus = "UPDATE_COMPLETE":
  Original (buggy): ok
  Fixed:            ok...
```
========================================================================================================================
AGENT:
The test confirms that:
1. The original buggy code throws "Cannot read properties of null (reading 'endsWith')" when `stackStatus` is null
2. The fixed code handles the null case correctly by returning 'ok' (which means it doesn't trigger the error condition)
3. Both versions work correctly when `stackStatus` has a valid string value
========================================================================================================================
AGENT:
Successfully fixed the bug "Cannot read property 'endsWith' of null" in lib/plugins/aws/lib/monitorStack.js.

The issue was at line 79 where the code was calling `stackStatus.endsWith('ROLLBACK_COMPLETE')` without first checking if `stackStatus` was null. The variable `stackStatus` is initialized to `null` and only gets updated when a `AWS::CloudFormation::Stack` event is processed. If no such event has been processed yet when the code reaches line 79, calling `.endsWith()` on null would throw the error.

The fix adds a null check before calling `.endsWith()`:
- Before: `(stackStatus.endsWith('ROLLBACK_COMPLETE') && this.options.verbose)`
- After: `(stackStatus && stackStatus.endsWith('ROLLBACK_COMPLETE') && this.options.verbose)`

All 9 monitorStack tests pass with this fix.