########################################################################################################################
PHASE 1
########################################################################################################################
========================================================================================================================
AGENT:
I will start by viewing the workspace to understand its structure and contents. This will help me identify key files and locations that may be relevant to the task.
========================================================================================================================
USER PROMPT:
Resolve the following problem statement:

<problem_statement>
Attribute name only (no value) CSS selector throws if html attribute has a value.
This is fine:

```html
<button foo></button>

<style>
button[foo] {}
</style>
```

But this throws `TypeError: operators[operator] is not a function`:

```html
<button foo="bar"></button>

<style>
button[foo] {}
</style>
```

[REPL](https://svelte.technology/repl?version=1.41.1&gist=9ba8d98eb5b84696a61aa4caca984923)

<details>
  <summary>Stack trace</summary>
    TypeError: operators[operator] is not a function
      at attributeMatches (Selector.ts:228)
      at _loop_1 (Selector.ts:163)
      at applySelector (Selector.ts:141)
      at Selector.apply (Selector.ts:30)
      at Stylesheet.ts:23
      at Array.forEach (<anonymous>)
      at Rule.apply (Stylesheet.ts:23)
      at Stylesheet.apply (Stylesheet.ts:343)
      at Element (preprocess.ts:427)
      at preprocess.ts:482
</details>

</problem_statement>

Do not stop until you have made code changes that resolve the problem statement. Do not ask for clarifications.
========================================================================================================================
AGENT:
Starting to analyze the problem. The issue is that a CSS attribute selector without a value (like `button[foo]`) throws an error when the HTML attribute has a value (like `foo="bar"`). I need to look at the Selector.ts file where the error occurs.
========================================================================================================================
AGENT:
EXPLORE: Looking at the relevant code in Selector.ts

<thinking>
The error message is `TypeError: operators[operator] is not a function` at `attributeMatches (Selector.ts:228)`. This suggests that there's an issue with how attribute selectors are being matched when the CSS selector doesn't have an operator (like `=`, `~=`, etc.) but the HTML attribute has a value.

Let me look at the Selector.ts file to understand the issue.
</thinking>
========================================================================================================================
TOOL CALL (open_files)
file_paths:
- src/css/Selector.ts

========================================================================================================================
TOOL RETURN (open_files)
```
["Successfully opened src/css/Selector.ts:\n\n````typescript\n   0 import MagicString from 'magic-string';\n...\n   5 export default class Selector {\n...\n  11 \tconstructor(node: Node) {\n...\n  27 \tapply(node: Node, stack: Node[]) {\n...\n  41 \tminify(code: MagicString) {\n...\n  54 \ttransform(code: MagicString, attr: string) {\n  55 \t\tfunction encapsulateBlock(block: Block) {\n...\n  95 \tvalidate(validator: Validator) {\n...\n 125 function isDescendantSelector(selector: Node) {\n...\n ...
```
========================================================================================================================
AGENT:
<thinking>
I can see the file structure. The error is at line 228 in `attributeMatches`. Let me expand the `attributeMatches` function and the `operators` object to understand the issue better.
</thinking>
========================================================================================================================
TOOL CALL (inspect_code)
file_path: src/css/Selector.ts
patterns:
- attributeMatches
- operators

========================================================================================================================
TOOL RETURN (inspect_code)
```
Successfully expanded code chunks in src/css/Selector.ts:

````typescript
   0 import MagicString from 'magic-string';
...
   5 export default class Selector {
...
  11 	constructor(node: Node) {
...
  27 	apply(node: Node, stack: Node[]) {
...
  41 	minify(code: MagicString) {
...
  54 	transform(code: MagicString, attr: string) {
  55 		function encapsulateBlock(block: Block) {
...
  95 	validate(validator: Validator) {
...
 125 function isDescendantSelector(selector: Node) {
...
 129 function...
```
========================================================================================================================
AGENT:
<thinking>
Now I understand the issue. Looking at the code:

1. At line 162, when handling `AttributeSelector`, the code calls:
   ```typescript
   if (!attributeMatches(node, selector.name.name, selector.value && unquote(selector.value), selector.matcher, selector.flags)) return false;
   ```

2. When the CSS selector is `button[foo]` (without a value), `selector.matcher` will be `undefined` or `null` because there's no operator like `=`, `~=`, etc.

3. In the `attributeMatches` function at line 227:
   ```typescript
   const pattern = operators[operator](expectedValue, caseInsensitive ? 'i' : '');
   ```
   
   When `operator` is `undefined` or `null`, `operators[operator]` will be `undefined`, and calling it as a function throws `TypeError: operators[operator] is not a function`.

4. Looking at line 224:
   ```typescript
   if (attr.value === true) return operator === null;
   ```
   
   This handles the case when the HTML attribute has no value (like `<button foo>`), but it doesn't handle the case when the CSS selector has no operator but the HTML attribute has a value (like `<button foo="bar">`).

The fix should be:
- When the CSS selector has no operator (i.e., `operator` is `null` or `undefined`), it means the selector is just checking for the presence of the attribute, not its value. In this case, we should return `true` if the attribute exists (which we already know at this point since we found the attribute).

Let me verify this understanding by looking at the CSS attribute selector specification:
- `[attr]` - matches elements with an attribute named `attr`, regardless of its value.
- `[attr=value]` - matches elements with an attribute named `attr` whose value is exactly `value`.

So when there's no operator, we should just check if the attribute exists, which we already do at line 222-223. The issue is that we continue past line 224 even when there's no operator.

The fix should be to add a check: if there's no operator, return `true` (since we already found the attribute exists).

Let me implement this fix:
</thinking>

MODIFY CODE: Fix the attributeMatches function to handle the case when there's no operator
========================================================================================================================
TOOL CALL (find_and_replace_code)
file_path: src/css/Selector.ts
find: "function attributeMatches(node: Node, name: string, expectedValue: string,\
  \ operator: string, caseInsensitive: boolean) {\n\tconst attr = node.attributes.find((attr:\
  \ Node) => attr.name === name);\n\tif (!attr) return false;\n\tif (attr.value ===\
  \ true) return operator === null;\n\tif (attr.value.length > 1) return true;\n\n\
  \tconst pattern = operators[operator](expectedValue, caseInsensitive ? 'i' : '');"
replace: "function attributeMatches(node: Node, name: string, expectedValue: string,\
  \ operator: string, caseInsensitive: boolean) {\n\tconst attr = node.attributes.find((attr:\
  \ Node) => attr.name === name);\n\tif (!attr) return false;\n\tif (attr.value ===\
  \ true) return operator === null;\n\tif (operator === null) return true;\n\tif (attr.value.length\
  \ > 1) return true;\n\n\tconst pattern = operators[operator](expectedValue, caseInsensitive\
  \ ? 'i' : '');"

========================================================================================================================
TOOL RETURN (find_and_replace_code)
```
Successfully replaced code in src/css/Selector.ts:

--- src/css/Selector.ts
+++ src/css/Selector.ts
@@ -223,6 +223,7 @@
 	const attr = node.attributes.find((attr: Node) => attr.name === name);
 	if (!attr) return false;
 	if (attr.value === true) return operator === null;
+	if (operator === null) return true;
 	if (attr.value.length > 1) return true;
 
 	const pattern = operators[operator](expectedValue, caseInsensitive ? 'i' : '');
...
```
========================================================================================================================
AGENT:
VERIFY: Let me create a test to verify the fix works

<thinking>
Now I need to verify that the fix works. Let me:
1. First, check how to run the tests
2. Create a minimal reproduction script to test the fix
</thinking>
========================================================================================================================
TOOL CALL (open_files)
file_paths:
- package.json

========================================================================================================================
TOOL RETURN (open_files)
```
['Successfully opened package.json:\n\n````json\n   0 {\n   1   "name": "svelte",\n   2   "version": "1.41.1",\n   3   "description": "The magical disappearing UI framework",\n   4   "main": "compiler/svelte.js",\n   5   "files": [\n   6     "compiler",\n   7     "ssr",\n   8     "shared.js",\n   9     "README.md"\n  10   ],\n  11   "scripts": {\n  12     "test": "mocha --opts mocha.opts",\n  13     "quicktest": "mocha --opts mocha.opts",\n  14     "precoverage": "export COVERAGE=true && nyc moc...
```
========================================================================================================================
AGENT:
<thinking>
I need to build the project first and then run the tests. Let me install dependencies and build the project.
</thinking>
========================================================================================================================
TOOL CALL (bash)
command: cd /workspace && npm install 2>&1 | tail -20
timeout: 120

========================================================================================================================
TOOL RETURN (bash)
```
npm warn deprecated glob@7.1.1: Glob versions prior to v9 are no longer supported
npm warn deprecated mkdirp@0.5.0: Legacy versions of mkdirp are no longer supported. Please update to mkdirp 1.x. (Note that the API surface has changed to use Promises in 1.x.)
npm warn deprecated eslint@4.3.0: This version is no longer supported. Please see https://eslint.org/version-support for other options.

added 469 packages, and audited 680 packages in 23s

78 vulnerabilities (4 low, 24 moderate, 29 high, 2...
```
========================================================================================================================
TOOL CALL (bash)
command: cd /workspace && npm run build 2>&1 | tail -30
timeout: 120

========================================================================================================================
TOOL RETURN (bash)
```

> svelte@1.41.1 build
> node src/shared/_build.js && rollup -c


src/index.ts → compiler/svelte.js...
created compiler/svelte.js in 2.3s

src/server-side-rendering/register.js → ssr/register.js...
created ssr/register.js in 16ms

src/shared/index.js → shared.js...
created shared.js in 27ms...
```
========================================================================================================================
AGENT:
Now let me create a test script to verify the fix:
========================================================================================================================
TOOL CALL (create_file)
file_path: test_fix.js
initial_content: "const svelte = require('./compiler/svelte.js');\n\n// Test case\
  \ 1: Attribute with no value in HTML, no value in CSS selector (should work)\nconst\
  \ test1 = `\n<button foo></button>\n\n<style>\nbutton[foo] {}\n</style>\n`;\n\n\
  // Test case 2: Attribute with value in HTML, no value in CSS selector (was throwing\
  \ error)\nconst test2 = `\n<button foo=\"bar\"></button>\n\n<style>\nbutton[foo]\
  \ {}\n</style>\n`;\n\n// Test case 3: Attribute with value in HTML, value in CSS\
  \ selector (should work)\nconst test3 = `\n<button foo=\"bar\"></button>\n\n<style>\n\
  button[foo=\"bar\"] {}\n</style>\n`;\n\nconsole.log('Test 1: Attribute with no value\
  \ in HTML, no value in CSS selector');\ntry {\n  const result1 = svelte.compile(test1,\
  \ { cascade: false });\n  console.log('  PASSED - No error thrown');\n} catch (e)\
  \ {\n  console.log('  FAILED - Error:', e.message);\n}\n\nconsole.log('\\nTest 2:\
  \ Attribute with value in HTML, no value in CSS selector');\ntry {\n  const result2\
  \ = svelte.compile(test2, { cascade: false });\n  console.log('  PASSED - No error\
  \ thrown');\n} catch (e) {\n  console.log('  FAILED - Error:', e.message);\n}\n\n\
  console.log('\\nTest 3: Attribute with value in HTML, value in CSS selector');\n\
  try {\n  const result3 = svelte.compile(test3, { cascade: false });\n  console.log('\
  \  PASSED - No error thrown');\n} catch (e) {\n  console.log('  FAILED - Error:',\
  \ e.message);\n}\n\nconsole.log('\\nAll tests completed!');\n"

========================================================================================================================
TOOL RETURN (create_file)
```
Successfully created test_fix.js....
```
========================================================================================================================
TOOL CALL (bash)
command: cd /workspace && node test_fix.js
timeout: 30

========================================================================================================================
TOOL RETURN (bash)
```
Test 1: Attribute with no value in HTML, no value in CSS selector
  PASSED - No error thrown

Test 2: Attribute with value in HTML, no value in CSS selector
  PASSED - No error thrown

Test 3: Attribute with value in HTML, value in CSS selector
  PASSED - No error thrown

All tests completed!...
```
========================================================================================================================
AGENT:
The fix works. Now let me run the existing CSS tests to make sure I haven't broken anything:
========================================================================================================================
TOOL CALL (bash)
command: cd /workspace && npm test -- --grep "css" 2>&1 | tail -50
timeout: 120

========================================================================================================================
TOOL RETURN (bash)
```
    ✓ css-shadow-dom-keyframes

  parse
    ✓ css
    ✓ css-ref-selector
    ✓ error-css (82ms)

  runtime
    ✓ css (shared helpers)
    ✓ css (shared helpers)
    ✓ css (inline helpers)
    ✓ css-comments (shared helpers)
    ✓ css-comments (shared helpers)
    ✓ css-comments (inline helpers)
    ✓ css-false (shared helpers)
    ✓ css-false (shared helpers)
    ✓ css-false (inline helpers)
    ✓ css-space-in-attribute (shared helpers)
    ✓ css-space-in-attribute (shared helpers)
    ✓ css-spa...
```
========================================================================================================================
AGENT:
<thinking>
All CSS-related tests pass. The only failing test is a timeout in `custom-elements escaped-css` which is unrelated to my change (it's a timeout issue, not a logic error).

Let me also run the full test suite to make sure nothing else is broken:
</thinking>
========================================================================================================================
TOOL CALL (bash)
command: cd /workspace && npm test 2>&1 | tail -80
timeout: 300

========================================================================================================================
TOOL RETURN (bash)
```
    ✓ warns if options.name is not capitalised


  1318 passing (59s)
  36 pending
  8 failing

  1) custom-elements escaped-css:
     Error: Timeout of 10000ms exceeded. For async tests and hooks, ensure "done()" is called; if returning a Promise, ensure it resolves.
      at listOnTimeout (node:internal/timers:588:17)
      at processTimers (node:internal/timers:523:7)

  2) custom-elements html:
     Error: Timeout of 10000ms exceeded. For async tests and hooks, ensure "done()" is called; if ...
```
========================================================================================================================
AGENT:
<thinking>
The test failures are:
1. Custom-elements tests - all timeout issues (not related to my change)
2. binding-select tests - assertion errors that appear to be related to jsdom/test environment issues (not related to my change)

These failures are pre-existing issues in the test environment and not related to my fix. Let me verify this by checking if these tests were already failing before my change by looking at the specific CSS tests that are relevant to my fix.

Let me also look at the existing CSS test samples to see if there's already a test case for attribute selectors without values:
</thinking>
========================================================================================================================
TOOL CALL (bash)
command: cd /workspace && ls test/css/samples/ | grep -i attr
timeout: 10

========================================================================================================================
TOOL RETURN (bash)
```
attribute-selector-unquoted
omit-scoping-attribute
omit-scoping-attribute-attribute-selector
omit-scoping-attribute-attribute-selector-contains
omit-scoping-attribute-attribute-selector-equals
omit-scoping-attribute-attribute-selector-equals-case-insensitive
omit-scoping-attribute-attribute-selector-equals-dynamic
omit-scoping-attribute-attribute-selector-pipe-equals
omit-scoping-attribute-attribute-selector-prefix
omit-scoping-attribute-attribute-selector-suffix
omit-scoping-attribute-attribute...
```
========================================================================================================================
TOOL CALL (open_files)
file_paths:
- test/css/samples/omit-scoping-attribute-attribute-selector/input.html
- test/css/samples/omit-scoping-attribute-attribute-selector/expected.css

========================================================================================================================
TOOL RETURN (open_files)
```
['Successfully opened test/css/samples/omit-scoping-attribute-attribute-selector/input.html:\n\n````html\n   0 <div>\n   1 \t<video autoplay></video>\n   2 \t<video></video>\n   3 </div>\n   4 \n   5 <style>\n   6 \t[autoplay] {\n   7 \t\tcolor: red;\n   8 \t}\n   9 </style>\n````', 'Successfully opened test/css/samples/omit-scoping-attribute-attribute-selector/expected.css:\n\n````css\n   0 [autoplay][svelte-xyz]{color:red}\n````']...
```
========================================================================================================================
AGENT:
<thinking>
I see! This existing test case has an attribute selector `[autoplay]` without a value, but the HTML attribute also has no value (`<video autoplay>`). This is the case that was already working.

The bug is specifically when the CSS selector has no value (`[foo]`) but the HTML attribute has a value (`foo="bar"`). Let me create a proper test case for this scenario to ensure it's covered in the test suite.
</thinking>
========================================================================================================================
TOOL CALL (bash)
command: mkdir -p test/css/samples/attribute-selector-only-name
timeout: 10

========================================================================================================================
TOOL RETURN (bash)
```
...
```
========================================================================================================================
TOOL CALL (create_file)
file_path: test/css/samples/attribute-selector-only-name/input.html
initial_content: "<div>\n\t<button foo=\"bar\">click me</button>\n\t<button>click\
  \ me</button>\n</div>\n\n<style>\n\t[foo] {\n\t\tcolor: red;\n\t}\n</style>\n"

========================================================================================================================
TOOL RETURN (create_file)
```
Successfully created test/css/samples/attribute-selector-only-name/input.html....
```
========================================================================================================================
TOOL CALL (create_file)
file_path: test/css/samples/attribute-selector-only-name/expected.css
initial_content: '[foo][svelte-xyz]{color:red}

  '

========================================================================================================================
TOOL RETURN (create_file)
```
Successfully created test/css/samples/attribute-selector-only-name/expected.css....
```
========================================================================================================================
TOOL CALL (create_file)
file_path: test/css/samples/attribute-selector-only-name/expected.html
initial_content: "<div><button foo=\"bar\" svelte-xyz>click me</button>\n\t<button>click\
  \ me</button></div>\n"

========================================================================================================================
TOOL RETURN (create_file)
```
Successfully created test/css/samples/attribute-selector-only-name/expected.html....
```
========================================================================================================================
TOOL CALL (create_file)
file_path: test/css/samples/attribute-selector-only-name/_config.js
initial_content: "export default {\n\tcascade: false\n};\n"

========================================================================================================================
TOOL RETURN (create_file)
```
Successfully created test/css/samples/attribute-selector-only-name/_config.js....
```
========================================================================================================================
AGENT:
Now let me run the new test to verify it passes:
========================================================================================================================
TOOL CALL (bash)
command: cd /workspace && npm test -- --grep "attribute-selector-only-name" 2>&1
timeout: 60

========================================================================================================================
TOOL RETURN (bash)
```

> svelte@1.41.1 pretest
> npm run build


> svelte@1.41.1 build
> node src/shared/_build.js && rollup -c


src/index.ts → compiler/svelte.js...
created compiler/svelte.js in 2.7s

src/server-side-rendering/register.js → ssr/register.js...
created ssr/register.js in 10ms

src/shared/index.js → shared.js...
created shared.js in 31ms

> svelte@1.41.1 test
> mocha --opts mocha.opts --grep attribute-selector-only-name



  css
    1) attribute-selector-only-name


  0 passing (38ms)
  1 failing

  1...
```
========================================================================================================================
AGENT:
<thinking>
The test is failing because of a trailing newline in the expected.css file. Let me fix that:
</thinking>
========================================================================================================================
TOOL CALL (find_and_replace_code)
file_path: test/css/samples/attribute-selector-only-name/expected.css
find: '[foo][svelte-xyz]{color:red}

  '
replace: '[foo][svelte-xyz]{color:red}'

========================================================================================================================
TOOL RETURN (find_and_replace_code)
```
Successfully replaced code in test/css/samples/attribute-selector-only-name/expected.css:

--- test/css/samples/attribute-selector-only-name/expected.css
+++ test/css/samples/attribute-selector-only-name/expected.css
@@ -1 +1 @@
-[foo][svelte-xyz]{color:red}
+[foo][svelte-xyz]{color:red}...
```
========================================================================================================================
TOOL CALL (bash)
command: cd /workspace && npm test -- --grep "attribute-selector-only-name" 2>&1
timeout: 60

========================================================================================================================
TOOL RETURN (bash)
```

> svelte@1.41.1 pretest
> npm run build


> svelte@1.41.1 build
> node src/shared/_build.js && rollup -c


src/index.ts → compiler/svelte.js...
created compiler/svelte.js in 2s

src/server-side-rendering/register.js → ssr/register.js...
created ssr/register.js in 12ms

src/shared/index.js → shared.js...
created shared.js in 29ms

> svelte@1.41.1 test
> mocha --opts mocha.opts --grep attribute-selector-only-name



  css
    ✓ attribute-selector-only-name


  1 passing (44ms)...
```
========================================================================================================================
AGENT:
The test passes. Now let me clean up the test file I created earlier and verify the fix one more time:
========================================================================================================================
TOOL CALL (delete_file)
file_path: test_fix.js

========================================================================================================================
TOOL RETURN (delete_file)
```
Successfully deleted test_fix.js....
```
========================================================================================================================
AGENT:
Let me also run all the CSS tests to make sure everything still works:
========================================================================================================================
TOOL CALL (bash)
command: cd /workspace && npm test -- --grep "^css" 2>&1 | tail -50
timeout: 120

========================================================================================================================
TOOL RETURN (bash)
```
  css
    ✓ attribute-selector-only-name (38ms)
    ✓ attribute-selector-unquoted
    ✓ basic
    ✓ cascade-false
    ✓ cascade-false-global
    ✓ cascade-false-global-keyframes
    ✓ cascade-false-keyframes
    ✓ cascade-false-keyframes-from-to
    ✓ cascade-false-pseudo-element
    ✓ cascade-false-universal-selector
    ✓ combinator-child
    ✓ css-vars
    ✓ descendant-selector-non-top-level-outer
    ✓ keyframes
    ✓ media-query
    ✓ media-query-word
    ✓ omit-scoping-attribute
    ✓ omit...
```
========================================================================================================================
AGENT:
All 45 CSS tests pass, including my new test case. Let me also review the change I made to ensure it's correct:
========================================================================================================================
TOOL CALL (inspect_code)
file_path: src/css/Selector.ts
patterns:
- attributeMatches

========================================================================================================================
TOOL RETURN (inspect_code)
```
Successfully expanded code chunks in src/css/Selector.ts:

````typescript
   0 import MagicString from 'magic-string';
...
   5 export default class Selector {
...
  11 	constructor(node: Node) {
...
  27 	apply(node: Node, stack: Node[]) {
...
  41 	minify(code: MagicString) {
...
  54 	transform(code: MagicString, attr: string) {
  55 		function encapsulateBlock(block: Block) {
...
  95 	validate(validator: Validator) {
...
 125 function isDescendantSelector(selector: Node) {
...
 129 function...
```
========================================================================================================================
AGENT:
REVIEW: Verifying the fix is correct

<thinking>
Let me review the fix:

1. **Line 222-223**: Find the attribute by name. If not found, return `false`.
2. **Line 224**: If the HTML attribute has no value (`attr.value === true`), return `true` only if the CSS selector also has no operator (`operator === null`). This handles the case `<button foo>` with `button[foo]`.
3. **Line 225 (my fix)**: If the CSS selector has no operator (`operator === null`), return `true`. This handles the case `<button foo="bar">` with `button[foo]`. The CSS selector `[foo]` just checks for the presence of the attribute, regardless of its value.
4. **Line 226**: If the attribute has multiple values, return `true` (dynamic case).
5. **Line 228+**: Use the operator to create a pattern and match against the attribute value.

The fix is correct because:
- A CSS attribute selector without a value (like `[foo]`) matches any element that has the attribute, regardless of the attribute's value.
- When `operator === null`, we've already confirmed the attribute exists (line 222-223), so we should return `true`.

The order of checks is important:
1. First check if attribute exists (line 222-223)
2. Then check if HTML attribute has no value (line 224) - in this case, only match if CSS selector also has no value
3. Then check if CSS selector has no value (line 225) - in this case, match since attribute exists
4. Then proceed with value matching (line 226+)

This logic is correct and matches the CSS specification for attribute selectors.
</thinking>

The fix is correct. Let me summarize the changes:

## Summary

**Problem**: When using a CSS attribute selector without a value (like `button[foo]`) on an HTML element that has the attribute with a value (like `<button foo="bar">`), Svelte threw `TypeError: operators[operator] is not a function`.

**Root Cause**: In `src/css/Selector.ts`, the `attributeMatches` function was trying to use `operators[operator]` to create a regex pattern, but when the CSS selector has no operator (just `[foo]` instead of `[foo="bar"]`), `operator` is `null`, and `operators[null]` is `undefined`.

**Fix**: Added a check at line 225 to return `true` when `operator === null`. This is correct because a CSS attribute selector without a value (like `[foo]`) matches any element that has the attribute, regardless of the attribute's value. Since we've already confirmed the attribute exists at this point (line 222-223), we can return `true`.

**Test**: Added a new test case `test/css/samples/attribute-selector-only-name/` that specifically tests this scenario.
========================================================================================================================
AGENT:
Fixed the issue where a CSS attribute selector without a value (like `button[foo]`) threw `TypeError: operators[operator] is not a function` when the HTML attribute had a value (like `foo="bar"`).

The fix was a one-line addition in `src/css/Selector.ts` at line 225:
```typescript
if (operator === null) return true;
```

This check returns `true` when the CSS selector has no operator (just checking for attribute presence), since we've already confirmed the attribute exists. This matches the CSS specification where `[attr]` matches any element with the attribute, regardless of its value.

Also added a test case `test/css/samples/attribute-selector-only-name/` to cover this scenario. All 45 CSS tests pass.